0 info it worked if it ends with ok
1 verbose cli [ '/usr/local/bin/node', '/usr/local/bin/npm', 'publish' ]
2 info using npm@4.0.5
3 info using node@v7.4.0
4 verbose publish [ '.' ]
5 silly cache add args [ '.', null ]
6 verbose cache add spec .
7 silly cache add parsed spec Result {
7 silly cache add   raw: '.',
7 silly cache add   scope: null,
7 silly cache add   escapedName: null,
7 silly cache add   name: null,
7 silly cache add   rawSpec: '.',
7 silly cache add   spec: '/home/brandan/eintr/tests/simple-feedreader',
7 silly cache add   type: 'directory' }
8 verbose addLocalDirectory /home/brandan/.npm/simple-feedreader/1.0.0/package.tgz not in flight; packing
9 verbose correctMkdir /home/brandan/.npm correctMkdir not in flight; initializing
10 info lifecycle simple-feedreader@1.0.0~prepublish: simple-feedreader@1.0.0
11 silly lifecycle simple-feedreader@1.0.0~prepublish: no script for prepublish, continuing
12 info lifecycle simple-feedreader@1.0.0~prepare: simple-feedreader@1.0.0
13 silly lifecycle simple-feedreader@1.0.0~prepare: no script for prepare, continuing
14 verbose tar pack [ '/home/brandan/.npm/simple-feedreader/1.0.0/package.tgz',
14 verbose tar pack   '/home/brandan/eintr/tests/simple-feedreader' ]
15 verbose tarball /home/brandan/.npm/simple-feedreader/1.0.0/package.tgz
16 verbose folder /home/brandan/eintr/tests/simple-feedreader
17 verbose addLocalTarball adding from inside cache /home/brandan/.npm/simple-feedreader/1.0.0/package.tgz
18 verbose correctMkdir /home/brandan/.npm correctMkdir not in flight; initializing
19 silly cache afterAdd simple-feedreader@1.0.0
20 verbose afterAdd /home/brandan/.npm/simple-feedreader/1.0.0/package/package.json not in flight; writing
21 verbose correctMkdir /home/brandan/.npm correctMkdir not in flight; initializing
22 verbose afterAdd /home/brandan/.npm/simple-feedreader/1.0.0/package/package.json written
23 silly publish { name: 'simple-feedreader',
23 silly publish   version: '1.0.0',
23 silly publish   main: 'index.js',
23 silly publish   dependencies: { request: '2.81.x', feedparser: '2.2.x' },
23 silly publish   description: 'Gets rss/atom feeds easily',
23 silly publish   scripts: { test: 'echo "Error: no test specified" && exit 1' },
23 silly publish   repository:
23 silly publish    { type: 'git',
23 silly publish      url: 'git+https://github.com/x13machine/simple-feedreader.git' },
23 silly publish   keywords: [ 'rss', 'feed' ],
23 silly publish   author: { name: 'Googolplexking' },
23 silly publish   license: 'MIT',
23 silly publish   bugs: { url: 'https://github.com/x13machine/simple-feedreader/issues' },
23 silly publish   homepage: 'https://github.com/x13machine/simple-feedreader#readme',
23 silly publish   readme: '# simple-feedreader\nGets rss/atom feeds easily. It\'s basically a wrapper for the [feed-parser](https://www.npmjs.com/package/feedparser) module.\n\n### Example:\n\n\tvar feed = require(\'simple-feedreader\');\n\tfeed(\'http://example.com/rss\',function(err,res){\n\t\tconsole.log(err,res)\n\t});\n',
23 silly publish   readmeFilename: 'README.md',
23 silly publish   gitHead: '6d1b17d7a987fc7b8dbc35dd559f1e55005c73c4',
23 silly publish   _id: 'simple-feedreader@1.0.0',
23 silly publish   _shasum: '449a547a43f6c126db9e3eb69dd14140f5d43824',
23 silly publish   _from: '.' }
24 info lifecycle simple-feedreader@1.0.0~prepublishOnly: simple-feedreader@1.0.0
25 silly lifecycle simple-feedreader@1.0.0~prepublishOnly: no script for prepublishOnly, continuing
26 verbose getPublishConfig undefined
27 silly mapToRegistry name simple-feedreader
28 silly mapToRegistry using default registry
29 silly mapToRegistry registry https://registry.npmjs.org/
30 silly mapToRegistry data Result {
30 silly mapToRegistry   raw: 'simple-feedreader',
30 silly mapToRegistry   scope: null,
30 silly mapToRegistry   escapedName: 'simple-feedreader',
30 silly mapToRegistry   name: 'simple-feedreader',
30 silly mapToRegistry   rawSpec: '',
30 silly mapToRegistry   spec: 'latest',
30 silly mapToRegistry   type: 'tag' }
31 silly mapToRegistry uri https://registry.npmjs.org/simple-feedreader
32 verbose publish registryBase https://registry.npmjs.org/
33 silly publish uploading /home/brandan/.npm/simple-feedreader/1.0.0/package.tgz
34 verbose request uri https://registry.npmjs.org/simple-feedreader
35 verbose request sending authorization for write operation
36 info attempt registry request try #1 at 4:50:14 PM
37 verbose request using bearer token for auth
38 verbose request id 6f5f5cf1b46765eb
39 http request PUT https://registry.npmjs.org/simple-feedreader
40 http 403 https://registry.npmjs.org/simple-feedreader
41 verbose headers { 'content-type': 'application/json',
41 verbose headers   'cache-control': 'max-age=300',
41 verbose headers   'content-length': '95',
41 verbose headers   'accept-ranges': 'bytes',
41 verbose headers   date: 'Mon, 22 May 2017 21:50:14 GMT',
41 verbose headers   via: '1.1 varnish',
41 verbose headers   connection: 'keep-alive',
41 verbose headers   'x-served-by': 'cache-ord1733-ORD',
41 verbose headers   'x-cache': 'MISS',
41 verbose headers   'x-cache-hits': '0',
41 verbose headers   'x-timer': 'S1495489814.224229,VS0,VE504',
41 verbose headers   vary: 'Accept-Encoding' }
42 verbose request invalidating /home/brandan/.npm/registry.npmjs.org/simple-feedreader on PUT
43 error publish Failed PUT 403
44 verbose stack Error: "You cannot publish over the previously published version 1.0.0." : simple-feedreader
44 verbose stack     at makeError (/usr/local/lib/node_modules/npm/node_modules/npm-registry-client/lib/request.js:302:12)
44 verbose stack     at CachingRegistryClient.<anonymous> (/usr/local/lib/node_modules/npm/node_modules/npm-registry-client/lib/request.js:290:14)
44 verbose stack     at Request._callback (/usr/local/lib/node_modules/npm/node_modules/npm-registry-client/lib/request.js:210:14)
44 verbose stack     at Request.self.callback (/usr/local/lib/node_modules/npm/node_modules/request/request.js:186:22)
44 verbose stack     at emitTwo (events.js:106:13)
44 verbose stack     at Request.emit (events.js:191:7)
44 verbose stack     at Request.<anonymous> (/usr/local/lib/node_modules/npm/node_modules/request/request.js:1081:10)
44 verbose stack     at emitOne (events.js:96:13)
44 verbose stack     at Request.emit (events.js:188:7)
44 verbose stack     at IncomingMessage.<anonymous> (/usr/local/lib/node_modules/npm/node_modules/request/request.js:1001:12)
45 verbose statusCode 403
46 verbose pkgid simple-feedreader
47 verbose cwd /home/brandan/eintr/tests/simple-feedreader
48 error Linux 4.4.0-77-generic
49 error argv "/usr/local/bin/node" "/usr/local/bin/npm" "publish"
50 error node v7.4.0
51 error npm  v4.0.5
52 error code E403
53 error "You cannot publish over the previously published version 1.0.0." : simple-feedreader
54 error If you need help, you may report this error at:
54 error     <https://github.com/npm/npm/issues>
55 verbose exit [ 1, true ]
